[debug] [2020-07-04T08:33:48.704Z] ----------------------------------------------------------------------
[debug] [2020-07-04T08:33:48.705Z] Command:       /usr/local/bin/firebase /Users/allie/.cache/firebase/tools/lib/node_modules/firebase-tools/lib/bin/firebase deploy
[debug] [2020-07-04T08:33:48.705Z] CLI Version:   8.4.3
[debug] [2020-07-04T08:33:48.706Z] Platform:      darwin
[debug] [2020-07-04T08:33:48.706Z] Node Version:  v12.16.1
[debug] [2020-07-04T08:33:48.714Z] Time:          Sat Jul 04 2020 16:33:48 GMT+0800 (GMT+08:00)
[debug] [2020-07-04T08:33:48.714Z] ----------------------------------------------------------------------
[debug] [2020-07-04T08:33:48.714Z] 
[debug] [2020-07-04T08:33:48.728Z] > command requires scopes: ["email","openid","https://www.googleapis.com/auth/cloudplatformprojects.readonly","https://www.googleapis.com/auth/firebase","https://www.googleapis.com/auth/cloud-platform"]
[debug] [2020-07-04T08:33:48.728Z] > authorizing via signed-in user
[debug] [2020-07-04T08:33:48.728Z] [iam] checking project surprise-85f1d for permissions ["firebase.projects.get","firebasehosting.sites.update"]
[debug] [2020-07-04T08:33:48.730Z] > refreshing access token with scopes: ["email","https://www.googleapis.com/auth/cloud-platform","https://www.googleapis.com/auth/cloudplatformprojects.readonly","https://www.googleapis.com/auth/firebase","openid"]
[debug] [2020-07-04T08:33:48.730Z] >>> HTTP REQUEST POST https://www.googleapis.com/oauth2/v3/token  
 <request body omitted>
[debug] [2020-07-04T08:34:18.749Z] [iam] error while checking permissions, command may fail: FirebaseError: Authentication Error: Your credentials are no longer valid. Please run firebase login --reauth

For CI servers and headless environments, generate a new token with firebase login:ci
[debug] [2020-07-04T08:34:18.751Z] > refreshing access token with scopes: ["email","https://www.googleapis.com/auth/cloud-platform","https://www.googleapis.com/auth/cloudplatformprojects.readonly","https://www.googleapis.com/auth/firebase","openid"]
[debug] [2020-07-04T08:34:18.751Z] >>> HTTP REQUEST POST https://www.googleapis.com/oauth2/v3/token  
 <request body omitted>
[debug] [2020-07-04T08:34:48.754Z] Authentication Error: Your credentials are no longer valid. Please run firebase login --reauth

For CI servers and headless environments, generate a new token with firebase login:ci
[debug] [2020-07-04T08:34:48.756Z] FirebaseError: Authentication Error: Your credentials are no longer valid. Please run firebase login --reauth

For CI servers and headless environments, generate a new token with firebase login:ci
    at Object.<anonymous> (/Users/allie/.cache/firebase/tools/lib/node_modules/firebase-tools/lib/auth.js:23:32)
    at Module._compile (internal/modules/cjs/loader.js:1156:30)
    at Module._compile (pkg/prelude/bootstrap.js:1281:32)
    at Object.Module._extensions..js (internal/modules/cjs/loader.js:1176:10)
    at Module.load (internal/modules/cjs/loader.js:1000:32)
    at Function.Module._load (internal/modules/cjs/loader.js:899:14)
    at Module.require (internal/modules/cjs/loader.js:1042:19)
    at Module.require (pkg/prelude/bootstrap.js:1225:31)
    at require (internal/modules/cjs/helpers.js:77:18)
    at Object.<anonymous> (/Users/allie/.cache/firebase/tools/lib/node_modules/firebase-tools/lib/commands/login.js:20:14)
    at Module._compile (internal/modules/cjs/loader.js:1156:30)
    at Module._compile (pkg/prelude/bootstrap.js:1281:32)
    at Object.Module._extensions..js (internal/modules/cjs/loader.js:1176:10)
    at Module.load (internal/modules/cjs/loader.js:1000:32)
    at Function.Module._load (internal/modules/cjs/loader.js:899:14)
    at Module.require (internal/modules/cjs/loader.js:1042:19)
[error] 
[error] Error: Failed to get Firebase project surprise-85f1d. Please make sure the project exists and your account has permission to access it.
[debug] [2020-07-04T08:35:26.260Z] ----------------------------------------------------------------------
[debug] [2020-07-04T08:35:26.262Z] Command:       /usr/local/bin/firebase /Users/allie/.cache/firebase/tools/lib/node_modules/firebase-tools/lib/bin/firebase deploy
[debug] [2020-07-04T08:35:26.262Z] CLI Version:   8.4.3
[debug] [2020-07-04T08:35:26.262Z] Platform:      darwin
[debug] [2020-07-04T08:35:26.262Z] Node Version:  v12.16.1
[debug] [2020-07-04T08:35:26.263Z] Time:          Sat Jul 04 2020 16:35:26 GMT+0800 (GMT+08:00)
[debug] [2020-07-04T08:35:26.264Z] ----------------------------------------------------------------------
[debug] [2020-07-04T08:35:26.264Z] 
[debug] [2020-07-04T08:35:26.278Z] > command requires scopes: ["email","openid","https://www.googleapis.com/auth/cloudplatformprojects.readonly","https://www.googleapis.com/auth/firebase","https://www.googleapis.com/auth/cloud-platform"]
[debug] [2020-07-04T08:35:26.279Z] > authorizing via signed-in user
[debug] [2020-07-04T08:35:26.279Z] [iam] checking project surprise-85f1d for permissions ["firebase.projects.get","firebasehosting.sites.update"]
[debug] [2020-07-04T08:35:26.280Z] > refreshing access token with scopes: ["email","https://www.googleapis.com/auth/cloud-platform","https://www.googleapis.com/auth/cloudplatformprojects.readonly","https://www.googleapis.com/auth/firebase","openid"]
[debug] [2020-07-04T08:35:26.281Z] >>> HTTP REQUEST POST https://www.googleapis.com/oauth2/v3/token  
 <request body omitted>
[debug] [2020-07-04T08:35:56.301Z] [iam] error while checking permissions, command may fail: FirebaseError: Authentication Error: Your credentials are no longer valid. Please run firebase login --reauth

For CI servers and headless environments, generate a new token with firebase login:ci
[debug] [2020-07-04T08:35:56.302Z] > refreshing access token with scopes: ["email","https://www.googleapis.com/auth/cloud-platform","https://www.googleapis.com/auth/cloudplatformprojects.readonly","https://www.googleapis.com/auth/firebase","openid"]
[debug] [2020-07-04T08:35:56.303Z] >>> HTTP REQUEST POST https://www.googleapis.com/oauth2/v3/token  
 <request body omitted>
[debug] [2020-07-04T08:36:26.309Z] Authentication Error: Your credentials are no longer valid. Please run firebase login --reauth

For CI servers and headless environments, generate a new token with firebase login:ci
[debug] [2020-07-04T08:36:26.311Z] FirebaseError: Authentication Error: Your credentials are no longer valid. Please run firebase login --reauth

For CI servers and headless environments, generate a new token with firebase login:ci
    at Object.<anonymous> (/Users/allie/.cache/firebase/tools/lib/node_modules/firebase-tools/lib/auth.js:23:32)
    at Module._compile (internal/modules/cjs/loader.js:1156:30)
    at Module._compile (pkg/prelude/bootstrap.js:1281:32)
    at Object.Module._extensions..js (internal/modules/cjs/loader.js:1176:10)
    at Module.load (internal/modules/cjs/loader.js:1000:32)
    at Function.Module._load (internal/modules/cjs/loader.js:899:14)
    at Module.require (internal/modules/cjs/loader.js:1042:19)
    at Module.require (pkg/prelude/bootstrap.js:1225:31)
    at require (internal/modules/cjs/helpers.js:77:18)
    at Object.<anonymous> (/Users/allie/.cache/firebase/tools/lib/node_modules/firebase-tools/lib/commands/login.js:20:14)
    at Module._compile (internal/modules/cjs/loader.js:1156:30)
    at Module._compile (pkg/prelude/bootstrap.js:1281:32)
    at Object.Module._extensions..js (internal/modules/cjs/loader.js:1176:10)
    at Module.load (internal/modules/cjs/loader.js:1000:32)
    at Function.Module._load (internal/modules/cjs/loader.js:899:14)
    at Module.require (internal/modules/cjs/loader.js:1042:19)
[error] 
[error] Error: Failed to get Firebase project surprise-85f1d. Please make sure the project exists and your account has permission to access it.
